# JRE version: 7.0_11-b21
# Java VM: Java HotSpot(TM) 64-Bit Server VM (23.6-b04 mixed mode windows-amd64 compressed oops)
Heap
 PSYoungGen      total 95744K, used 92552K [0x00000000fa000000, 0x0000000100000000, 0x0000000100000000)
  eden space 93056K, 99% used [0x00000000fa000000,0x00000000ffa62388,0x00000000ffae0000)
  from space 2688K, 0% used [0x00000000ffd60000,0x00000000ffd60000,0x0000000100000000)
  to   space 2560K, 0% used [0x00000000ffae0000,0x00000000ffae0000,0x00000000ffd60000)
 ParOldGen       total 294912K, used 292642K [0x00000000e8000000, 0x00000000fa000000, 0x00000000fa000000)
  object space 294912K, 99% used [0x00000000e8000000,0x00000000f9dc88c0,0x00000000fa000000)
 PSPermGen       total 72256K, used 71938K [0x00000000e0000000, 0x00000000e4690000, 0x00000000e8000000)
  object space 72256K, 99% used [0x00000000e0000000,0x00000000e4640a10,0x00000000e4690000)
GC Heap History (10 events):
Event: 416746.858 GC heap before
{Heap before GC invocations=3197 (full 1326):
 PSYoungGen      total 95744K, used 93056K [0x00000000fa000000, 0x0000000100000000, 0x0000000100000000)
  eden space 93056K, 100% used [0x00000000fa000000,0x00000000ffae0000,0x00000000ffae0000)
  from space 2688K, 0% used [0x00000000ffd60000,0x00000000ffd60000,0x0000000100000000)
  to   space 2560K, 0% used [0x00000000ffae0000,0x00000000ffae0000,0x00000000ffd60000)
 ParOldGen       total 294912K, used 292642K [0x00000000e8000000, 0x00000000fa000000, 0x00000000fa000000)
  object space 294912K, 99% used [0x00000000e8000000,0x00000000f9dc88c0,0x00000000fa000000)
 PSPermGen       total 72256K, used 71938K [0x00000000e0000000, 0x00000000e4690000, 0x00000000e8000000)
  object space 72256K, 99% used [0x00000000e0000000,0x00000000e4640a10,0x00000000e4690000)
Event: 416747.145 GC heap after
Heap after GC invocations=3197 (full 1326):
 PSYoungGen      total 95744K, used 92429K [0x00000000fa000000, 0x0000000100000000, 0x0000000100000000)
  eden space 93056K, 99% used [0x00000000fa000000,0x00000000ffa43768,0x00000000ffae0000)
  from space 2688K, 0% used [0x00000000ffd60000,0x00000000ffd60000,0x0000000100000000)
  to   space 2560K, 0% used [0x00000000ffae0000,0x00000000ffae0000,0x00000000ffd60000)
 ParOldGen       total 294912K, used 292642K [0x00000000e8000000, 0x00000000fa000000, 0x00000000fa000000)
  object space 294912K, 99% used [0x00000000e8000000,0x00000000f9dc88c0,0x00000000fa000000)
 PSPermGen       total 72256K, used 71938K [0x00000000e0000000, 0x00000000e4690000, 0x00000000e8000000)
  object space 72256K, 99% used [0x00000000e0000000,0x00000000e4640a10,0x00000000e4690000)
}
Event: 416747.146 GC heap before
{Heap before GC invocations=3198 (full 1327):
 PSYoungGen      total 95744K, used 93056K [0x00000000fa000000, 0x0000000100000000, 0x0000000100000000)
  eden space 93056K, 100% used [0x00000000fa000000,0x00000000ffae0000,0x00000000ffae0000)
  from space 2688K, 0% used [0x00000000ffd60000,0x00000000ffd60000,0x0000000100000000)
  to   space 2560K, 0% used [0x00000000ffae0000,0x00000000ffae0000,0x00000000ffd60000)
 ParOldGen       total 294912K, used 292642K [0x00000000e8000000, 0x00000000fa000000, 0x00000000fa000000)
  object space 294912K, 99% used [0x00000000e8000000,0x00000000f9dc88c0,0x00000000fa000000)
 PSPermGen       total 72256K, used 71938K [0x00000000e0000000, 0x00000000e4690000, 0x00000000e8000000)
  object space 72256K, 99% used [0x00000000e0000000,0x00000000e4640a10,0x00000000e4690000)
Event: 416747.452 GC heap after
Heap after GC invocations=3198 (full 1327):
 PSYoungGen      total 95744K, used 92428K [0x00000000fa000000, 0x0000000100000000, 0x0000000100000000)
  eden space 93056K, 99% used [0x00000000fa000000,0x00000000ffa43168,0x00000000ffae0000)
  from space 2688K, 0% used [0x00000000ffd60000,0x00000000ffd60000,0x0000000100000000)
  to   space 2560K, 0% used [0x00000000ffae0000,0x00000000ffae0000,0x00000000ffd60000)
 ParOldGen       total 294912K, used 292642K [0x00000000e8000000, 0x00000000fa000000, 0x00000000fa000000)
  object space 294912K, 99% used [0x00000000e8000000,0x00000000f9dc88c0,0x00000000fa000000)
 PSPermGen       total 72256K, used 71938K [0x00000000e0000000, 0x00000000e4690000, 0x00000000e8000000)
  object space 72256K, 99% used [0x00000000e0000000,0x00000000e4640a10,0x00000000e4690000)
}
Event: 416747.464 GC heap before
{Heap before GC invocations=3199 (full 1328):
 PSYoungGen      total 95744K, used 93056K [0x00000000fa000000, 0x0000000100000000, 0x0000000100000000)
  eden space 93056K, 100% used [0x00000000fa000000,0x00000000ffae0000,0x00000000ffae0000)
  from space 2688K, 0% used [0x00000000ffd60000,0x00000000ffd60000,0x0000000100000000)
  to   space 2560K, 0% used [0x00000000ffae0000,0x00000000ffae0000,0x00000000ffd60000)
 ParOldGen       total 294912K, used 292642K [0x00000000e8000000, 0x00000000fa000000, 0x00000000fa000000)
  object space 294912K, 99% used [0x00000000e8000000,0x00000000f9dc88c0,0x00000000fa000000)
 PSPermGen       total 72256K, used 71938K [0x00000000e0000000, 0x00000000e4690000, 0x00000000e8000000)
  object space 72256K, 99% used [0x00000000e0000000,0x00000000e4640a10,0x00000000e4690000)
Event: 416747.782 GC heap after
Heap after GC invocations=3199 (full 1328):
 PSYoungGen      total 95744K, used 92428K [0x00000000fa000000, 0x0000000100000000, 0x0000000100000000)
  eden space 93056K, 99% used [0x00000000fa000000,0x00000000ffa432e0,0x00000000ffae0000)
  from space 2688K, 0% used [0x00000000ffd60000,0x00000000ffd60000,0x0000000100000000)
  to   space 2560K, 0% used [0x00000000ffae0000,0x00000000ffae0000,0x00000000ffd60000)
 ParOldGen       total 294912K, used 292642K [0x00000000e8000000, 0x00000000fa000000, 0x00000000fa000000)
  object space 294912K, 99% used [0x00000000e8000000,0x00000000f9dc88c0,0x00000000fa000000)
 PSPermGen       total 72256K, used 71938K [0x00000000e0000000, 0x00000000e4690000, 0x00000000e8000000)
  object space 72256K, 99% used [0x00000000e0000000,0x00000000e4640a10,0x00000000e4690000)
}
Event: 416747.783 GC heap before
{Heap before GC invocations=3200 (full 1329):
 PSYoungGen      total 95744K, used 93056K [0x00000000fa000000, 0x0000000100000000, 0x0000000100000000)
  eden space 93056K, 100% used [0x00000000fa000000,0x00000000ffae0000,0x00000000ffae0000)
  from space 2688K, 0% used [0x00000000ffd60000,0x00000000ffd60000,0x0000000100000000)
  to   space 2560K, 0% used [0x00000000ffae0000,0x00000000ffae0000,0x00000000ffd60000)
 ParOldGen       total 294912K, used 292642K [0x00000000e8000000, 0x00000000fa000000, 0x00000000fa000000)
  object space 294912K, 99% used [0x00000000e8000000,0x00000000f9dc88c0,0x00000000fa000000)
 PSPermGen       total 72256K, used 71938K [0x00000000e0000000, 0x00000000e4690000, 0x00000000e8000000)
  object space 72256K, 99% used [0x00000000e0000000,0x00000000e4640a10,0x00000000e4690000)
Event: 416748.085 GC heap after
Heap after GC invocations=3200 (full 1329):
 PSYoungGen      total 95744K, used 92414K [0x00000000fa000000, 0x0000000100000000, 0x0000000100000000)
  eden space 93056K, 99% used [0x00000000fa000000,0x00000000ffa3f960,0x00000000ffae0000)
  from space 2688K, 0% used [0x00000000ffd60000,0x00000000ffd60000,0x0000000100000000)
  to   space 2560K, 0% used [0x00000000ffae0000,0x00000000ffae0000,0x00000000ffd60000)
 ParOldGen       total 294912K, used 292642K [0x00000000e8000000, 0x00000000fa000000, 0x00000000fa000000)
  object space 294912K, 99% used [0x00000000e8000000,0x00000000f9dc88c0,0x00000000fa000000)
 PSPermGen       total 72256K, used 71938K [0x00000000e0000000, 0x00000000e4690000, 0x00000000e8000000)
  object space 72256K, 99% used [0x00000000e0000000,0x00000000e4640a10,0x00000000e4690000)
}
Event: 416748.087 GC heap before
{Heap before GC invocations=3201 (full 1330):
 PSYoungGen      total 95744K, used 93056K [0x00000000fa000000, 0x0000000100000000, 0x0000000100000000)
  eden space 93056K, 100% used [0x00000000fa000000,0x00000000ffae0000,0x00000000ffae0000)
  from space 2688K, 0% used [0x00000000ffd60000,0x00000000ffd60000,0x0000000100000000)
  to   space 2560K, 0% used [0x00000000ffae0000,0x00000000ffae0000,0x00000000ffd60000)
 ParOldGen       total 294912K, used 292642K [0x00000000e8000000, 0x00000000fa000000, 0x00000000fa000000)
  object space 294912K, 99% used [0x00000000e8000000,0x00000000f9dc88c0,0x00000000fa000000)
 PSPermGen       total 72256K, used 71938K [0x00000000e0000000, 0x00000000e4690000, 0x00000000e8000000)
  object space 72256K, 99% used [0x00000000e0000000,0x00000000e4640a10,0x00000000e4690000)
Event: 416748.425 GC heap after
Heap after GC invocations=3201 (full 1330):
 PSYoungGen      total 95744K, used 92414K [0x00000000fa000000, 0x0000000100000000, 0x0000000100000000)
  eden space 93056K, 99% used [0x00000000fa000000,0x00000000ffa3fa48,0x00000000ffae0000)
  from space 2688K, 0% used [0x00000000ffd60000,0x00000000ffd60000,0x0000000100000000)
  to   space 2560K, 0% used [0x00000000ffae0000,0x00000000ffae0000,0x00000000ffd60000)
 ParOldGen       total 294912K, used 292642K [0x00000000e8000000, 0x00000000fa000000, 0x00000000fa000000)
  object space 294912K, 99% used [0x00000000e8000000,0x00000000f9dc88c0,0x00000000fa000000)
 PSPermGen       total 72256K, used 71938K [0x00000000e0000000, 0x00000000e4690000, 0x00000000e8000000)
  object space 72256K, 99% used [0x00000000e0000000,0x00000000e4640a10,0x00000000e4690000)
}

